<?xml version="1.0" encoding="UTF-8"?>
<!-- Generated by org.testng.reporters.JUnitXMLReporter -->
<testsuite ignored="0" hostname="MAHFUZ" failures="0" tests="1" name="Test" time="4.585" errors="0" timestamp="02 Jun 2021 01:44:37 GMT">
  <testcase classname="com.osa.base.Base" name="@BeforeClass settingBrowser" time="4.508">
    <failure type="org.openqa.selenium.SessionNotCreatedException" message="session not created: This version of ChromeDriver only supports Chrome version 86
Current browser version is 90.0.4430.212 with binary path C:\Program Files (x86)\Google\Chrome\Application\chrome.exe
Build info: version: &amp;apos;3.141.59&amp;apos;, revision: &amp;apos;e82be7d358&amp;apos;, time: &amp;apos;2018-11-14T08:17:03&amp;apos;
System info: host: &amp;apos;MAHFUZ&amp;apos;, ip: &amp;apos;192.168.1.17&amp;apos;, os.name: &amp;apos;Windows 10&amp;apos;, os.arch: &amp;apos;amd64&amp;apos;, os.version: &amp;apos;10.0&amp;apos;, java.version: &amp;apos;14.0.1&amp;apos;
Driver info: driver.version: ChromeDriver
remote stacktrace: Backtrace:
	Ordinal0 [0x0064C013+3194899]
	Ordinal0 [0x00536021+2056225]
	Ordinal0 [0x003CF608+587272]
	Ordinal0 [0x00351BF3+72691]
	Ordinal0 [0x0034E229+57897]
	Ordinal0 [0x0034C64A+50762]
	Ordinal0 [0x00371EE9+204521]
	Ordinal0 [0x00371D0D+204045]
	Ordinal0 [0x0036FC1B+195611]
	Ordinal0 [0x00353B7F+80767]
	Ordinal0 [0x00354B4E+84814]
	Ordinal0 [0x00354AD9+84697]
	Ordinal0 [0x0054CE64+2149988]
	GetHandleVerifier [0x007BBE95+1400773]
	GetHandleVerifier [0x007BBB61+1399953]
	GetHandleVerifier [0x007C31FA+1430314]
	GetHandleVerifier [0x007BC69F+1402831]
	Ordinal0 [0x00543D61+2112865]
	Ordinal0 [0x0054E5CB+2155979]
	Ordinal0 [0x0054E6F5+2156277]
	Ordinal0 [0x0055F26E+2224750]
	BaseThreadInitThunk [0x75DBFA29+25]
	RtlGetAppContainerNamedObjectPath [0x77A47A7E+286]
	RtlGetAppContainerNamedObjectPath [0x77A47A4E+238]
">
      <![CDATA[org.openqa.selenium.SessionNotCreatedException: session not created: This version of ChromeDriver only supports Chrome version 86
Current browser version is 90.0.4430.212 with binary path C:\Program Files (x86)\Google\Chrome\Application\chrome.exe
Build info: version: '3.141.59', revision: 'e82be7d358', time: '2018-11-14T08:17:03'
System info: host: 'MAHFUZ', ip: '192.168.1.17', os.name: 'Windows 10', os.arch: 'amd64', os.version: '10.0', java.version: '14.0.1'
Driver info: driver.version: ChromeDriver
remote stacktrace: Backtrace:
Ordinal0 [0x0064C013+3194899]
Ordinal0 [0x00536021+2056225]
Ordinal0 [0x003CF608+587272]
Ordinal0 [0x00351BF3+72691]
Ordinal0 [0x0034E229+57897]
Ordinal0 [0x0034C64A+50762]
Ordinal0 [0x00371EE9+204521]
Ordinal0 [0x00371D0D+204045]
Ordinal0 [0x0036FC1B+195611]
Ordinal0 [0x00353B7F+80767]
Ordinal0 [0x00354B4E+84814]
Ordinal0 [0x00354AD9+84697]
Ordinal0 [0x0054CE64+2149988]
GetHandleVerifier [0x007BBE95+1400773]
GetHandleVerifier [0x007BBB61+1399953]
GetHandleVerifier [0x007C31FA+1430314]
GetHandleVerifier [0x007BC69F+1402831]
Ordinal0 [0x00543D61+2112865]
Ordinal0 [0x0054E5CB+2155979]
Ordinal0 [0x0054E6F5+2156277]
Ordinal0 [0x0055F26E+2224750]
BaseThreadInitThunk [0x75DBFA29+25]
RtlGetAppContainerNamedObjectPath [0x77A47A7E+286]
RtlGetAppContainerNamedObjectPath [0x77A47A4E+238]

at org.openqa.selenium.remote.W3CHandshakeResponse.lambda$errorHandler$0(W3CHandshakeResponse.java:62)
at org.openqa.selenium.remote.HandshakeResponse.lambda$getResponseFunction$0(HandshakeResponse.java:30)
at org.openqa.selenium.remote.ProtocolHandshake.lambda$createSession$0(ProtocolHandshake.java:126)
at java.base/java.util.stream.ReferencePipeline$3$1.accept(ReferencePipeline.java:195)
at java.base/java.util.Spliterators$ArraySpliterator.tryAdvance(Spliterators.java:958)
at java.base/java.util.stream.ReferencePipeline.forEachWithCancel(ReferencePipeline.java:127)
at java.base/java.util.stream.AbstractPipeline.copyIntoWithCancel(AbstractPipeline.java:502)
at java.base/java.util.stream.AbstractPipeline.copyInto(AbstractPipeline.java:488)
at java.base/java.util.stream.AbstractPipeline.wrapAndCopyInto(AbstractPipeline.java:474)
at java.base/java.util.stream.FindOps$FindOp.evaluateSequential(FindOps.java:150)
at java.base/java.util.stream.AbstractPipeline.evaluate(AbstractPipeline.java:234)
at java.base/java.util.stream.ReferencePipeline.findFirst(ReferencePipeline.java:543)
at org.openqa.selenium.remote.ProtocolHandshake.createSession(ProtocolHandshake.java:128)
at org.openqa.selenium.remote.ProtocolHandshake.createSession(ProtocolHandshake.java:74)
at org.openqa.selenium.remote.HttpCommandExecutor.execute(HttpCommandExecutor.java:136)
at org.openqa.selenium.remote.service.DriverCommandExecutor.execute(DriverCommandExecutor.java:83)
at org.openqa.selenium.remote.RemoteWebDriver.execute(RemoteWebDriver.java:552)
at org.openqa.selenium.remote.RemoteWebDriver.startSession(RemoteWebDriver.java:213)
at org.openqa.selenium.remote.RemoteWebDriver.<init>(RemoteWebDriver.java:131)
at org.openqa.selenium.chrome.ChromeDriver.<init>(ChromeDriver.java:181)
at org.openqa.selenium.chrome.ChromeDriver.<init>(ChromeDriver.java:168)
at org.openqa.selenium.chrome.ChromeDriver.<init>(ChromeDriver.java:123)
at com.osa.base.Browser.getBrowserForWindows(Browser.java:36)
at com.osa.base.Browser.openBrowser(Browser.java:22)
at com.osa.base.Base.settingBrowser(Base.java:12)
... Removed 31 stack frames]]>
    </failure>
  </testcase> <!-- @BeforeClass settingBrowser -->
  <testcase classname="com.osa.base.Base" name="@AfterClass clossingBrowser" time="0.0">
    <skipped/>
  </testcase> <!-- @AfterClass clossingBrowser -->
  <testcase classname="com.osa.tetes.ForumLogin" name="verifyForumLogin" time="0.0">
    <skipped/>
  </testcase> <!-- verifyForumLogin -->
</testsuite> <!-- Test -->
